<?xml version="1.0" encoding="UTF-8"?>
<!DOCTYPE html PUBLIC "-//W3C//DTD XHTML 1.0 Strict//EN" "http://www.w3.org/TR/xhtml1/DTD/xhtml1-strict.dtd">
<html xmlns="http://www.w3.org/1999/xhtml">
<head>
    <title>Semester Exception Smoke Test Report</title>
    <meta name="generator" content="HTMLTestRunner 0.8.2"/>
    <meta http-equiv="Content-Type" content="text/html; charset=UTF-8"/>
    
<style type="text/css" media="screen">
body        { font-family: verdana, arial, helvetica, sans-serif; font-size: 80%; }
table       { font-size: 100%; }
pre         { }

/* -- heading ---------------------------------------------------------------------- */
h1 {
	font-size: 16pt;
	color: gray;
}
.heading {
    margin-top: 0ex;
    margin-bottom: 1ex;
}

.heading .attribute {
    margin-top: 1ex;
    margin-bottom: 0;
}

.heading .description {
    margin-top: 4ex;
    margin-bottom: 6ex;
}

/* -- css div popup ------------------------------------------------------------------------ */
a.popup_link {
}

a.popup_link:hover {
    color: red;
}

.popup_window {
    display: none;
    position: relative;
    left: 0px;
    top: 0px;
    /*border: solid #627173 1px; */
    padding: 10px;
    background-color: #E6E6D6;
    font-family: "Lucida Console", "Courier New", Courier, monospace;
    text-align: left;
    font-size: 8pt;
    width: 500px;
}

}
/* -- report ------------------------------------------------------------------------ */
#show_detail_line {
    margin-top: 3ex;
    margin-bottom: 1ex;
}
#result_table {
    width: 80%;
    border-collapse: collapse;
    border: 1px solid #777;
}
#header_row {
    font-weight: bold;
    color: white;
    background-color: #777;
}
#result_table td {
    border: 1px solid #777;
    padding: 2px;
}
#total_row  { font-weight: bold; }
.passClass  { background-color: #6c6; }
.failClass  { background-color: #c60; }
.errorClass { background-color: #c00; }
.passCase   { color: #6c6; }
.failCase   { color: #c60; font-weight: bold; }
.errorCase  { color: #c00; font-weight: bold; }
.hiddenRow  { display: none; }
.testcase   { margin-left: 2em; }


/* -- ending ---------------------------------------------------------------------- */
#ending {
}

</style>

</head>
<body>
<script language="javascript" type="text/javascript"><!--
output_list = Array();

/* level - 0:Summary; 1:Failed; 2:All */
function showCase(level) {
    trs = document.getElementsByTagName("tr");
    for (var i = 0; i < trs.length; i++) {
        tr = trs[i];
        id = tr.id;
        if (id.substr(0,2) == 'ft') {
            if (level < 1) {
                tr.className = 'hiddenRow';
            }
            else {
                tr.className = '';
            }
        }
        if (id.substr(0,2) == 'pt') {
            if (level > 1) {
                tr.className = '';
            }
            else {
                tr.className = 'hiddenRow';
            }
        }
    }
}


function showClassDetail(cid, count) {
    var id_list = Array(count);
    var toHide = 1;
    for (var i = 0; i < count; i++) {
        tid0 = 't' + cid.substr(1) + '.' + (i+1);
        tid = 'f' + tid0;
        tr = document.getElementById(tid);
        if (!tr) {
            tid = 'p' + tid0;
            tr = document.getElementById(tid);
        }
        id_list[i] = tid;
        if (tr.className) {
            toHide = 0;
        }
    }
    for (var i = 0; i < count; i++) {
        tid = id_list[i];
        if (toHide) {
            document.getElementById('div_'+tid).style.display = 'none'
            document.getElementById(tid).className = 'hiddenRow';
        }
        else {
            document.getElementById(tid).className = '';
        }
    }
}


function showTestDetail(div_id){
    var details_div = document.getElementById(div_id)
    var displayState = details_div.style.display
    // alert(displayState)
    if (displayState != 'block' ) {
        displayState = 'block'
        details_div.style.display = 'block'
    }
    else {
        details_div.style.display = 'none'
    }
}


function html_escape(s) {
    s = s.replace(/&/g,'&amp;');
    s = s.replace(/</g,'&lt;');
    s = s.replace(/>/g,'&gt;');
    return s;
}

/* obsoleted by detail in <div>
function showOutput(id, name) {
    var w = window.open("", //url
                    name,
                    "resizable,scrollbars,status,width=800,height=450");
    d = w.document;
    d.write("<pre>");
    d.write(html_escape(output_list[id]));
    d.write("\n");
    d.write("<a href='javascript:window.close()'>close</a>\n");
    d.write("</pre>\n");
    d.close();
}
*/
--></script>

<div class='heading'>
<h1>Semester Exception Smoke Test Report</h1>
<p class='attribute'><strong>Start Time:</strong> 2022-03-22 14:06:07</p>
<p class='attribute'><strong>Duration:</strong> 0:01:49.678589</p>
<p class='attribute'><strong>Status:</strong> Pass 1 Error 12</p>

<p class='description'></p>
</div>



<p id='show_detail_line'>Show
<a href='javascript:showCase(0)'>Summary</a>
<a href='javascript:showCase(1)'>Failed</a>
<a href='javascript:showCase(2)'>All</a>
</p>
<table id='result_table'>
<colgroup>
<col align='left' />
<col align='right' />
<col align='right' />
<col align='right' />
<col align='right' />
<col align='right' />
</colgroup>
<tr id='header_row'>
    <td>Test Group/Test case</td>
    <td>Count</td>
    <td>Pass</td>
    <td>Fail</td>
    <td>Error</td>
    <td>View</td>
</tr>

<tr class='errorClass'>
    <td>cQube_Dashboard.Exception_List.sat_exception.exception_smoke_testing.cQube_semester_exception_report</td>
    <td>13</td>
    <td>1</td>
    <td>0</td>
    <td>12</td>
    <td><a href="javascript:showClassDetail('c1',13)">Detail</a></td>
</tr>

<tr id='ft1.1' class='none'>
    <td class='errorCase'><div class='testcase'>test_Data_not_recieved</div></td>
    <td colspan='5' align='center'>

    <!--css div popup start-->
    <a class="popup_link" onfocus='this.blur();' href="javascript:showTestDetail('div_ft1.1')" >
        error</a>

    <div id='div_ft1.1' class="popup_window">
        <div style='text-align: right; color:red;cursor:pointer'>
        <a onfocus='this.blur();' onclick="document.getElementById('div_ft1.1').style.display = 'none' " >
           [x]</a>
        </div>
        <pre>
        
ft1.1: Traceback (most recent call last):
  File "/home/chetan/cQubeTesting-3.4/cQube_Dashboard/Exception_List/sat_exception/exception_smoke_testing.py", line 29, in test_Data_not_recieved
    res, r1, r2, r3 = b.test_total_not_recieved_data()
  File "/home/chetan/cQubeTesting-3.4/cQube_Dashboard/Exception_List/sat_exception/Semester_Assessment_Test_Exception.py", line 66, in test_total_not_recieved_data
    self.driver.find_element_by_xpath(Data.hyper_link).click()
  File "/usr/local/lib/python3.8/dist-packages/selenium/webdriver/remote/webdriver.py", line 393, in find_element_by_xpath
    return self.find_element(by=By.XPATH, value=xpath)
  File "/usr/local/lib/python3.8/dist-packages/selenium/webdriver/remote/webdriver.py", line 964, in find_element
    return self.execute(Command.FIND_ELEMENT, {
  File "/usr/local/lib/python3.8/dist-packages/selenium/webdriver/remote/webdriver.py", line 320, in execute
    self.error_handler.check_response(response)
  File "/usr/local/lib/python3.8/dist-packages/selenium/webdriver/remote/errorhandler.py", line 242, in check_response
    raise exception_class(message, screen, stacktrace)
selenium.common.exceptions.NoSuchElementException: Message: no such element: Unable to locate element: {"method":"xpath","selector":"//p/span"}
  (Session info: headless chrome=90.0.4430.72)



        </pre>
    </div>
    <!--css div popup end-->

    </td>
</tr>

<tr id='ft1.2' class='none'>
    <td class='errorCase'><div class='testcase'>test_DotsOnDistrictwise_map</div></td>
    <td colspan='5' align='center'>

    <!--css div popup start-->
    <a class="popup_link" onfocus='this.blur();' href="javascript:showTestDetail('div_ft1.2')" >
        error</a>

    <div id='div_ft1.2' class="popup_window">
        <div style='text-align: right; color:red;cursor:pointer'>
        <a onfocus='this.blur();' onclick="document.getElementById('div_ft1.2').style.display = 'none' " >
           [x]</a>
        </div>
        <pre>
        
ft1.2: Traceback (most recent call last):
  File "/home/chetan/cQubeTesting-3.4/cQube_Dashboard/Exception_List/sat_exception/exception_smoke_testing.py", line 23, in test_DotsOnDistrictwise_map
    res = b.check_dots_on_each_districts()
  File "/home/chetan/cQubeTesting-3.4/cQube_Dashboard/Exception_List/sat_exception/Semester_Assessment_Test_Exception.py", line 249, in check_dots_on_each_districts
    cal.click_on_state(self.driver)
  File "/home/chetan/cQubeTesting-3.4/reuse_func.py", line 192, in click_on_state
    self.driver.find_element_by_xpath(Data.hyper_link).click()
  File "/usr/local/lib/python3.8/dist-packages/selenium/webdriver/remote/webdriver.py", line 393, in find_element_by_xpath
    return self.find_element(by=By.XPATH, value=xpath)
  File "/usr/local/lib/python3.8/dist-packages/selenium/webdriver/remote/webdriver.py", line 964, in find_element
    return self.execute(Command.FIND_ELEMENT, {
  File "/usr/local/lib/python3.8/dist-packages/selenium/webdriver/remote/webdriver.py", line 320, in execute
    self.error_handler.check_response(response)
  File "/usr/local/lib/python3.8/dist-packages/selenium/webdriver/remote/errorhandler.py", line 242, in check_response
    raise exception_class(message, screen, stacktrace)
selenium.common.exceptions.NoSuchElementException: Message: no such element: Unable to locate element: {"method":"xpath","selector":"//p/span"}
  (Session info: headless chrome=90.0.4430.72)



        </pre>
    </div>
    <!--css div popup end-->

    </td>
</tr>

<tr id='ft1.3' class='none'>
    <td class='errorCase'><div class='testcase'>test_Semester_Blocks</div></td>
    <td colspan='5' align='center'>

    <!--css div popup start-->
    <a class="popup_link" onfocus='this.blur();' href="javascript:showTestDetail('div_ft1.3')" >
        error</a>

    <div id='div_ft1.3' class="popup_window">
        <div style='text-align: right; color:red;cursor:pointer'>
        <a onfocus='this.blur();' onclick="document.getElementById('div_ft1.3').style.display = 'none' " >
           [x]</a>
        </div>
        <pre>
        
ft1.3: Traceback (most recent call last):
  File "/home/chetan/cQubeTesting-3.4/cQube_Dashboard/Exception_List/sat_exception/exception_smoke_testing.py", line 37, in test_Semester_Blocks
    res = b.check_markers_on_block_map()
  File "/home/chetan/cQubeTesting-3.4/cQube_Dashboard/Exception_List/sat_exception/Semester_Assessment_Test_Exception.py", line 96, in check_markers_on_block_map
    management = self.driver.find_element_by_id('name').text
  File "/usr/local/lib/python3.8/dist-packages/selenium/webdriver/remote/webdriver.py", line 359, in find_element_by_id
    return self.find_element(by=By.ID, value=id_)
  File "/usr/local/lib/python3.8/dist-packages/selenium/webdriver/remote/webdriver.py", line 964, in find_element
    return self.execute(Command.FIND_ELEMENT, {
  File "/usr/local/lib/python3.8/dist-packages/selenium/webdriver/remote/webdriver.py", line 320, in execute
    self.error_handler.check_response(response)
  File "/usr/local/lib/python3.8/dist-packages/selenium/webdriver/remote/errorhandler.py", line 242, in check_response
    raise exception_class(message, screen, stacktrace)
selenium.common.exceptions.NoSuchElementException: Message: no such element: Unable to locate element: {"method":"css selector","selector":"[id="name"]"}
  (Session info: headless chrome=90.0.4430.72)



        </pre>
    </div>
    <!--css div popup end-->

    </td>
</tr>

<tr id='ft1.4' class='none'>
    <td class='errorCase'><div class='testcase'>test_check_DistrictwiseCsv</div></td>
    <td colspan='5' align='center'>

    <!--css div popup start-->
    <a class="popup_link" onfocus='this.blur();' href="javascript:showTestDetail('div_ft1.4')" >
        error</a>

    <div id='div_ft1.4' class="popup_window">
        <div style='text-align: right; color:red;cursor:pointer'>
        <a onfocus='this.blur();' onclick="document.getElementById('div_ft1.4').style.display = 'none' " >
           [x]</a>
        </div>
        <pre>
        
ft1.4: Traceback (most recent call last):
  File "/home/chetan/cQubeTesting-3.4/cQube_Dashboard/Exception_List/sat_exception/exception_smoke_testing.py", line 90, in test_check_DistrictwiseCsv
    res = b.click_download_csv_of_districts()
  File "/home/chetan/cQubeTesting-3.4/cQube_Dashboard/Exception_List/sat_exception/Semester_Assessment_Test_Exception.py", line 200, in click_download_csv_of_districts
    cal.click_on_state(self.driver)
  File "/home/chetan/cQubeTesting-3.4/reuse_func.py", line 192, in click_on_state
    self.driver.find_element_by_xpath(Data.hyper_link).click()
  File "/usr/local/lib/python3.8/dist-packages/selenium/webdriver/remote/webdriver.py", line 393, in find_element_by_xpath
    return self.find_element(by=By.XPATH, value=xpath)
  File "/usr/local/lib/python3.8/dist-packages/selenium/webdriver/remote/webdriver.py", line 964, in find_element
    return self.execute(Command.FIND_ELEMENT, {
  File "/usr/local/lib/python3.8/dist-packages/selenium/webdriver/remote/webdriver.py", line 320, in execute
    self.error_handler.check_response(response)
  File "/usr/local/lib/python3.8/dist-packages/selenium/webdriver/remote/errorhandler.py", line 242, in check_response
    raise exception_class(message, screen, stacktrace)
selenium.common.exceptions.NoSuchElementException: Message: no such element: Unable to locate element: {"method":"xpath","selector":"//p/span"}
  (Session info: headless chrome=90.0.4430.72)



        </pre>
    </div>
    <!--css div popup end-->

    </td>
</tr>

<tr id='ft1.5' class='none'>
    <td class='errorCase'><div class='testcase'>test_dots</div></td>
    <td colspan='5' align='center'>

    <!--css div popup start-->
    <a class="popup_link" onfocus='this.blur();' href="javascript:showTestDetail('div_ft1.5')" >
        error</a>

    <div id='div_ft1.5' class="popup_window">
        <div style='text-align: right; color:red;cursor:pointer'>
        <a onfocus='this.blur();' onclick="document.getElementById('div_ft1.5').style.display = 'none' " >
           [x]</a>
        </div>
        <pre>
        
ft1.5: Traceback (most recent call last):
  File "/home/chetan/cQubeTesting-3.4/cQube_Dashboard/Exception_List/sat_exception/exception_smoke_testing.py", line 109, in test_dots
    self.driver.find_element_by_xpath(Data.hyper_link).click()
  File "/usr/local/lib/python3.8/dist-packages/selenium/webdriver/remote/webdriver.py", line 393, in find_element_by_xpath
    return self.find_element(by=By.XPATH, value=xpath)
  File "/usr/local/lib/python3.8/dist-packages/selenium/webdriver/remote/webdriver.py", line 964, in find_element
    return self.execute(Command.FIND_ELEMENT, {
  File "/usr/local/lib/python3.8/dist-packages/selenium/webdriver/remote/webdriver.py", line 320, in execute
    self.error_handler.check_response(response)
  File "/usr/local/lib/python3.8/dist-packages/selenium/webdriver/remote/errorhandler.py", line 242, in check_response
    raise exception_class(message, screen, stacktrace)
selenium.common.exceptions.NoSuchElementException: Message: no such element: Unable to locate element: {"method":"xpath","selector":"//p/span"}
  (Session info: headless chrome=90.0.4430.72)



        </pre>
    </div>
    <!--css div popup end-->

    </td>
</tr>

<tr id='ft1.6' class='none'>
    <td class='errorCase'><div class='testcase'>test_exception_Home</div></td>
    <td colspan='5' align='center'>

    <!--css div popup start-->
    <a class="popup_link" onfocus='this.blur();' href="javascript:showTestDetail('div_ft1.6')" >
        error</a>

    <div id='div_ft1.6' class="popup_window">
        <div style='text-align: right; color:red;cursor:pointer'>
        <a onfocus='this.blur();' onclick="document.getElementById('div_ft1.6').style.display = 'none' " >
           [x]</a>
        </div>
        <pre>
        
ft1.6: Traceback (most recent call last):
  File "/home/chetan/cQubeTesting-3.4/cQube_Dashboard/Exception_List/sat_exception/exception_smoke_testing.py", line 61, in test_exception_Home
    res = b.click_on_blocks_click_on_home_icon()
  File "/home/chetan/cQubeTesting-3.4/cQube_Dashboard/Exception_List/sat_exception/Semester_Assessment_Test_Exception.py", line 233, in click_on_blocks_click_on_home_icon
    self.driver.find_element_by_id('blockbtn').click()
  File "/usr/local/lib/python3.8/dist-packages/selenium/webdriver/remote/webdriver.py", line 359, in find_element_by_id
    return self.find_element(by=By.ID, value=id_)
  File "/usr/local/lib/python3.8/dist-packages/selenium/webdriver/remote/webdriver.py", line 964, in find_element
    return self.execute(Command.FIND_ELEMENT, {
  File "/usr/local/lib/python3.8/dist-packages/selenium/webdriver/remote/webdriver.py", line 320, in execute
    self.error_handler.check_response(response)
  File "/usr/local/lib/python3.8/dist-packages/selenium/webdriver/remote/errorhandler.py", line 242, in check_response
    raise exception_class(message, screen, stacktrace)
selenium.common.exceptions.NoSuchElementException: Message: no such element: Unable to locate element: {"method":"css selector","selector":"[id="blockbtn"]"}
  (Session info: headless chrome=90.0.4430.72)



        </pre>
    </div>
    <!--css div popup end-->

    </td>
</tr>

<tr id='ft1.7' class='none'>
    <td class='errorCase'><div class='testcase'>test_homepage</div></td>
    <td colspan='5' align='center'>

    <!--css div popup start-->
    <a class="popup_link" onfocus='this.blur();' href="javascript:showTestDetail('div_ft1.7')" >
        error</a>

    <div id='div_ft1.7' class="popup_window">
        <div style='text-align: right; color:red;cursor:pointer'>
        <a onfocus='this.blur();' onclick="document.getElementById('div_ft1.7').style.display = 'none' " >
           [x]</a>
        </div>
        <pre>
        
ft1.7: Traceback (most recent call last):
  File "/home/chetan/cQubeTesting-3.4/cQube_Dashboard/Exception_List/sat_exception/exception_smoke_testing.py", line 95, in test_homepage
    self.driver.find_element_by_xpath(Data.hyper_link).click()
  File "/usr/local/lib/python3.8/dist-packages/selenium/webdriver/remote/webdriver.py", line 393, in find_element_by_xpath
    return self.find_element(by=By.XPATH, value=xpath)
  File "/usr/local/lib/python3.8/dist-packages/selenium/webdriver/remote/webdriver.py", line 964, in find_element
    return self.execute(Command.FIND_ELEMENT, {
  File "/usr/local/lib/python3.8/dist-packages/selenium/webdriver/remote/webdriver.py", line 320, in execute
    self.error_handler.check_response(response)
  File "/usr/local/lib/python3.8/dist-packages/selenium/webdriver/remote/errorhandler.py", line 242, in check_response
    raise exception_class(message, screen, stacktrace)
selenium.common.exceptions.NoSuchElementException: Message: no such element: Unable to locate element: {"method":"xpath","selector":"//p/span"}
  (Session info: headless chrome=90.0.4430.72)



        </pre>
    </div>
    <!--css div popup end-->

    </td>
</tr>

<tr id='ft1.8' class='none'>
    <td class='errorCase'><div class='testcase'>test_sem_dashboard</div></td>
    <td colspan='5' align='center'>

    <!--css div popup start-->
    <a class="popup_link" onfocus='this.blur();' href="javascript:showTestDetail('div_ft1.8')" >
        error</a>

    <div id='div_ft1.8' class="popup_window">
        <div style='text-align: right; color:red;cursor:pointer'>
        <a onfocus='this.blur();' onclick="document.getElementById('div_ft1.8').style.display = 'none' " >
           [x]</a>
        </div>
        <pre>
        
ft1.8: Traceback (most recent call last):
  File "/home/chetan/cQubeTesting-3.4/cQube_Dashboard/Exception_List/sat_exception/exception_smoke_testing.py", line 55, in test_sem_dashboard
    res = b.test_click_on_dashboard()
  File "/home/chetan/cQubeTesting-3.4/cQube_Dashboard/Exception_List/sat_exception/Semester_Assessment_Test_Exception.py", line 53, in test_click_on_dashboard
    self.driver.find_element_by_xpath(Data.hyper_link).click()
  File "/usr/local/lib/python3.8/dist-packages/selenium/webdriver/remote/webdriver.py", line 393, in find_element_by_xpath
    return self.find_element(by=By.XPATH, value=xpath)
  File "/usr/local/lib/python3.8/dist-packages/selenium/webdriver/remote/webdriver.py", line 964, in find_element
    return self.execute(Command.FIND_ELEMENT, {
  File "/usr/local/lib/python3.8/dist-packages/selenium/webdriver/remote/webdriver.py", line 320, in execute
    self.error_handler.check_response(response)
  File "/usr/local/lib/python3.8/dist-packages/selenium/webdriver/remote/errorhandler.py", line 242, in check_response
    raise exception_class(message, screen, stacktrace)
selenium.common.exceptions.NoSuchElementException: Message: no such element: Unable to locate element: {"method":"xpath","selector":"//p/span"}
  (Session info: headless chrome=90.0.4430.72)



        </pre>
    </div>
    <!--css div popup end-->

    </td>
</tr>

<tr id='pt1.9' class='hiddenRow'>
    <td class='none'><div class='testcase'>test_sem_exception_Logout</div></td>
    <td colspan='5' align='center'>pass</td>
</tr>

<tr id='ft1.10' class='none'>
    <td class='errorCase'><div class='testcase'>test_sem_exception_hyperlink</div></td>
    <td colspan='5' align='center'>

    <!--css div popup start-->
    <a class="popup_link" onfocus='this.blur();' href="javascript:showTestDetail('div_ft1.10')" >
        error</a>

    <div id='div_ft1.10' class="popup_window">
        <div style='text-align: right; color:red;cursor:pointer'>
        <a onfocus='this.blur();' onclick="document.getElementById('div_ft1.10').style.display = 'none' " >
           [x]</a>
        </div>
        <pre>
        
ft1.10: Traceback (most recent call last):
  File "/home/chetan/cQubeTesting-3.4/cQube_Dashboard/Exception_List/sat_exception/exception_smoke_testing.py", line 67, in test_sem_exception_hyperlink
    result1, result2, choose_dist = b.click_on_hyperlinks()
  File "/home/chetan/cQubeTesting-3.4/cQube_Dashboard/Exception_List/sat_exception/Semester_Assessment_Test_Exception.py", line 315, in click_on_hyperlinks
    cal.click_on_state(self.driver)
  File "/home/chetan/cQubeTesting-3.4/reuse_func.py", line 192, in click_on_state
    self.driver.find_element_by_xpath(Data.hyper_link).click()
  File "/usr/local/lib/python3.8/dist-packages/selenium/webdriver/remote/webdriver.py", line 393, in find_element_by_xpath
    return self.find_element(by=By.XPATH, value=xpath)
  File "/usr/local/lib/python3.8/dist-packages/selenium/webdriver/remote/webdriver.py", line 964, in find_element
    return self.execute(Command.FIND_ELEMENT, {
  File "/usr/local/lib/python3.8/dist-packages/selenium/webdriver/remote/webdriver.py", line 320, in execute
    self.error_handler.check_response(response)
  File "/usr/local/lib/python3.8/dist-packages/selenium/webdriver/remote/errorhandler.py", line 242, in check_response
    raise exception_class(message, screen, stacktrace)
selenium.common.exceptions.NoSuchElementException: Message: no such element: Unable to locate element: {"method":"xpath","selector":"//p/span"}
  (Session info: headless chrome=90.0.4430.72)



        </pre>
    </div>
    <!--css div popup end-->

    </td>
</tr>

<tr id='ft1.11' class='none'>
    <td class='errorCase'><div class='testcase'>test_semester_clusters</div></td>
    <td colspan='5' align='center'>

    <!--css div popup start-->
    <a class="popup_link" onfocus='this.blur();' href="javascript:showTestDetail('div_ft1.11')" >
        error</a>

    <div id='div_ft1.11' class="popup_window">
        <div style='text-align: right; color:red;cursor:pointer'>
        <a onfocus='this.blur();' onclick="document.getElementById('div_ft1.11').style.display = 'none' " >
           [x]</a>
        </div>
        <pre>
        
ft1.11: Traceback (most recent call last):
  File "/home/chetan/cQubeTesting-3.4/cQube_Dashboard/Exception_List/sat_exception/exception_smoke_testing.py", line 43, in test_semester_clusters
    res = b.check_markers_on_clusters_map()
  File "/home/chetan/cQubeTesting-3.4/cQube_Dashboard/Exception_List/sat_exception/Semester_Assessment_Test_Exception.py", line 115, in check_markers_on_clusters_map
    self.driver.find_element(By.XPATH,Data.hyper_link).click()
  File "/usr/local/lib/python3.8/dist-packages/selenium/webdriver/remote/webdriver.py", line 964, in find_element
    return self.execute(Command.FIND_ELEMENT, {
  File "/usr/local/lib/python3.8/dist-packages/selenium/webdriver/remote/webdriver.py", line 320, in execute
    self.error_handler.check_response(response)
  File "/usr/local/lib/python3.8/dist-packages/selenium/webdriver/remote/errorhandler.py", line 242, in check_response
    raise exception_class(message, screen, stacktrace)
selenium.common.exceptions.NoSuchElementException: Message: no such element: Unable to locate element: {"method":"xpath","selector":"//p/span"}
  (Session info: headless chrome=90.0.4430.72)



        </pre>
    </div>
    <!--css div popup end-->

    </td>
</tr>

<tr id='ft1.12' class='none'>
    <td class='errorCase'><div class='testcase'>test_semester_exception_icon</div></td>
    <td colspan='5' align='center'>

    <!--css div popup start-->
    <a class="popup_link" onfocus='this.blur();' href="javascript:showTestDetail('div_ft1.12')" >
        error</a>

    <div id='div_ft1.12' class="popup_window">
        <div style='text-align: right; color:red;cursor:pointer'>
        <a onfocus='this.blur();' onclick="document.getElementById('div_ft1.12').style.display = 'none' " >
           [x]</a>
        </div>
        <pre>
        
ft1.12: Traceback (most recent call last):
  File "/home/chetan/cQubeTesting-3.4/cQube_Dashboard/Exception_List/sat_exception/exception_smoke_testing.py", line 76, in test_semester_exception_icon
    res = b.test_icon()
  File "/home/chetan/cQubeTesting-3.4/cQube_Dashboard/Exception_List/sat_exception/Semester_Assessment_Test_Exception.py", line 23, in test_icon
    self.driver.find_element_by_xpath(Data.hyper_link).click()
  File "/usr/local/lib/python3.8/dist-packages/selenium/webdriver/remote/webdriver.py", line 393, in find_element_by_xpath
    return self.find_element(by=By.XPATH, value=xpath)
  File "/usr/local/lib/python3.8/dist-packages/selenium/webdriver/remote/webdriver.py", line 964, in find_element
    return self.execute(Command.FIND_ELEMENT, {
  File "/usr/local/lib/python3.8/dist-packages/selenium/webdriver/remote/webdriver.py", line 320, in execute
    self.error_handler.check_response(response)
  File "/usr/local/lib/python3.8/dist-packages/selenium/webdriver/remote/errorhandler.py", line 242, in check_response
    raise exception_class(message, screen, stacktrace)
selenium.common.exceptions.NoSuchElementException: Message: no such element: Unable to locate element: {"method":"xpath","selector":"//p/span"}
  (Session info: headless chrome=90.0.4430.72)



        </pre>
    </div>
    <!--css div popup end-->

    </td>
</tr>

<tr id='ft1.13' class='none'>
    <td class='errorCase'><div class='testcase'>test_semesterschool</div></td>
    <td colspan='5' align='center'>

    <!--css div popup start-->
    <a class="popup_link" onfocus='this.blur();' href="javascript:showTestDetail('div_ft1.13')" >
        error</a>

    <div id='div_ft1.13' class="popup_window">
        <div style='text-align: right; color:red;cursor:pointer'>
        <a onfocus='this.blur();' onclick="document.getElementById('div_ft1.13').style.display = 'none' " >
           [x]</a>
        </div>
        <pre>
        
ft1.13: Traceback (most recent call last):
  File "/home/chetan/cQubeTesting-3.4/cQube_Dashboard/Exception_List/sat_exception/exception_smoke_testing.py", line 49, in test_semesterschool
    res = b.check_markers_on_school_map()
  File "/home/chetan/cQubeTesting-3.4/cQube_Dashboard/Exception_List/sat_exception/Semester_Assessment_Test_Exception.py", line 139, in check_markers_on_school_map
    self.driver.find_element_by_id('schoolbtn').click()
  File "/usr/local/lib/python3.8/dist-packages/selenium/webdriver/remote/webdriver.py", line 359, in find_element_by_id
    return self.find_element(by=By.ID, value=id_)
  File "/usr/local/lib/python3.8/dist-packages/selenium/webdriver/remote/webdriver.py", line 964, in find_element
    return self.execute(Command.FIND_ELEMENT, {
  File "/usr/local/lib/python3.8/dist-packages/selenium/webdriver/remote/webdriver.py", line 320, in execute
    self.error_handler.check_response(response)
  File "/usr/local/lib/python3.8/dist-packages/selenium/webdriver/remote/errorhandler.py", line 242, in check_response
    raise exception_class(message, screen, stacktrace)
selenium.common.exceptions.NoSuchElementException: Message: no such element: Unable to locate element: {"method":"css selector","selector":"[id="schoolbtn"]"}
  (Session info: headless chrome=90.0.4430.72)



        </pre>
    </div>
    <!--css div popup end-->

    </td>
</tr>

<tr id='total_row'>
    <td>Total</td>
    <td>13</td>
    <td>1</td>
    <td>0</td>
    <td>12</td>
    <td>&nbsp;</td>
</tr>
</table>

<div id='ending'>&nbsp;</div>

</body>
</html>
<?xml version="1.0" encoding="UTF-8"?>
<!DOCTYPE html PUBLIC "-//W3C//DTD XHTML 1.0 Strict//EN" "http://www.w3.org/TR/xhtml1/DTD/xhtml1-strict.dtd">
<html xmlns="http://www.w3.org/1999/xhtml">
<head>
    <title>Semester Exception Smoke Test Report</title>
    <meta name="generator" content="HTMLTestRunner 0.8.2"/>
    <meta http-equiv="Content-Type" content="text/html; charset=UTF-8"/>
    
<style type="text/css" media="screen">
body        { font-family: verdana, arial, helvetica, sans-serif; font-size: 80%; }
table       { font-size: 100%; }
pre         { }

/* -- heading ---------------------------------------------------------------------- */
h1 {
	font-size: 16pt;
	color: gray;
}
.heading {
    margin-top: 0ex;
    margin-bottom: 1ex;
}

.heading .attribute {
    margin-top: 1ex;
    margin-bottom: 0;
}

.heading .description {
    margin-top: 4ex;
    margin-bottom: 6ex;
}

/* -- css div popup ------------------------------------------------------------------------ */
a.popup_link {
}

a.popup_link:hover {
    color: red;
}

.popup_window {
    display: none;
    position: relative;
    left: 0px;
    top: 0px;
    /*border: solid #627173 1px; */
    padding: 10px;
    background-color: #E6E6D6;
    font-family: "Lucida Console", "Courier New", Courier, monospace;
    text-align: left;
    font-size: 8pt;
    width: 500px;
}

}
/* -- report ------------------------------------------------------------------------ */
#show_detail_line {
    margin-top: 3ex;
    margin-bottom: 1ex;
}
#result_table {
    width: 80%;
    border-collapse: collapse;
    border: 1px solid #777;
}
#header_row {
    font-weight: bold;
    color: white;
    background-color: #777;
}
#result_table td {
    border: 1px solid #777;
    padding: 2px;
}
#total_row  { font-weight: bold; }
.passClass  { background-color: #6c6; }
.failClass  { background-color: #c60; }
.errorClass { background-color: #c00; }
.passCase   { color: #6c6; }
.failCase   { color: #c60; font-weight: bold; }
.errorCase  { color: #c00; font-weight: bold; }
.hiddenRow  { display: none; }
.testcase   { margin-left: 2em; }


/* -- ending ---------------------------------------------------------------------- */
#ending {
}

</style>

</head>
<body>
<script language="javascript" type="text/javascript"><!--
output_list = Array();

/* level - 0:Summary; 1:Failed; 2:All */
function showCase(level) {
    trs = document.getElementsByTagName("tr");
    for (var i = 0; i < trs.length; i++) {
        tr = trs[i];
        id = tr.id;
        if (id.substr(0,2) == 'ft') {
            if (level < 1) {
                tr.className = 'hiddenRow';
            }
            else {
                tr.className = '';
            }
        }
        if (id.substr(0,2) == 'pt') {
            if (level > 1) {
                tr.className = '';
            }
            else {
                tr.className = 'hiddenRow';
            }
        }
    }
}


function showClassDetail(cid, count) {
    var id_list = Array(count);
    var toHide = 1;
    for (var i = 0; i < count; i++) {
        tid0 = 't' + cid.substr(1) + '.' + (i+1);
        tid = 'f' + tid0;
        tr = document.getElementById(tid);
        if (!tr) {
            tid = 'p' + tid0;
            tr = document.getElementById(tid);
        }
        id_list[i] = tid;
        if (tr.className) {
            toHide = 0;
        }
    }
    for (var i = 0; i < count; i++) {
        tid = id_list[i];
        if (toHide) {
            document.getElementById('div_'+tid).style.display = 'none'
            document.getElementById(tid).className = 'hiddenRow';
        }
        else {
            document.getElementById(tid).className = '';
        }
    }
}


function showTestDetail(div_id){
    var details_div = document.getElementById(div_id)
    var displayState = details_div.style.display
    // alert(displayState)
    if (displayState != 'block' ) {
        displayState = 'block'
        details_div.style.display = 'block'
    }
    else {
        details_div.style.display = 'none'
    }
}


function html_escape(s) {
    s = s.replace(/&/g,'&amp;');
    s = s.replace(/</g,'&lt;');
    s = s.replace(/>/g,'&gt;');
    return s;
}

/* obsoleted by detail in <div>
function showOutput(id, name) {
    var w = window.open("", //url
                    name,
                    "resizable,scrollbars,status,width=800,height=450");
    d = w.document;
    d.write("<pre>");
    d.write(html_escape(output_list[id]));
    d.write("\n");
    d.write("<a href='javascript:window.close()'>close</a>\n");
    d.write("</pre>\n");
    d.close();
}
*/
--></script>

<div class='heading'>
<h1>Semester Exception Smoke Test Report</h1>
<p class='attribute'><strong>Start Time:</strong> 2022-03-22 14:10:37</p>
<p class='attribute'><strong>Duration:</strong> 0:01:50.666318</p>
<p class='attribute'><strong>Status:</strong> Pass 1 Error 12</p>

<p class='description'></p>
</div>



<p id='show_detail_line'>Show
<a href='javascript:showCase(0)'>Summary</a>
<a href='javascript:showCase(1)'>Failed</a>
<a href='javascript:showCase(2)'>All</a>
</p>
<table id='result_table'>
<colgroup>
<col align='left' />
<col align='right' />
<col align='right' />
<col align='right' />
<col align='right' />
<col align='right' />
</colgroup>
<tr id='header_row'>
    <td>Test Group/Test case</td>
    <td>Count</td>
    <td>Pass</td>
    <td>Fail</td>
    <td>Error</td>
    <td>View</td>
</tr>

<tr class='errorClass'>
    <td>cQube_Dashboard.Exception_List.sat_exception.exception_smoke_testing.cQube_semester_exception_report</td>
    <td>13</td>
    <td>1</td>
    <td>0</td>
    <td>12</td>
    <td><a href="javascript:showClassDetail('c1',13)">Detail</a></td>
</tr>

<tr id='ft1.1' class='none'>
    <td class='errorCase'><div class='testcase'>test_Data_not_recieved</div></td>
    <td colspan='5' align='center'>

    <!--css div popup start-->
    <a class="popup_link" onfocus='this.blur();' href="javascript:showTestDetail('div_ft1.1')" >
        error</a>

    <div id='div_ft1.1' class="popup_window">
        <div style='text-align: right; color:red;cursor:pointer'>
        <a onfocus='this.blur();' onclick="document.getElementById('div_ft1.1').style.display = 'none' " >
           [x]</a>
        </div>
        <pre>
        
ft1.1: Traceback (most recent call last):
  File "/home/chetan/cQubeTesting-3.4/cQube_Dashboard/Exception_List/sat_exception/exception_smoke_testing.py", line 29, in test_Data_not_recieved
    res, r1, r2, r3 = b.test_total_not_recieved_data()
  File "/home/chetan/cQubeTesting-3.4/cQube_Dashboard/Exception_List/sat_exception/Semester_Assessment_Test_Exception.py", line 66, in test_total_not_recieved_data
    self.driver.find_element_by_xpath(Data.hyper_link).click()
  File "/usr/local/lib/python3.8/dist-packages/selenium/webdriver/remote/webdriver.py", line 393, in find_element_by_xpath
    return self.find_element(by=By.XPATH, value=xpath)
  File "/usr/local/lib/python3.8/dist-packages/selenium/webdriver/remote/webdriver.py", line 964, in find_element
    return self.execute(Command.FIND_ELEMENT, {
  File "/usr/local/lib/python3.8/dist-packages/selenium/webdriver/remote/webdriver.py", line 320, in execute
    self.error_handler.check_response(response)
  File "/usr/local/lib/python3.8/dist-packages/selenium/webdriver/remote/errorhandler.py", line 242, in check_response
    raise exception_class(message, screen, stacktrace)
selenium.common.exceptions.NoSuchElementException: Message: no such element: Unable to locate element: {"method":"xpath","selector":"//p/span"}
  (Session info: headless chrome=90.0.4430.72)



        </pre>
    </div>
    <!--css div popup end-->

    </td>
</tr>

<tr id='ft1.2' class='none'>
    <td class='errorCase'><div class='testcase'>test_DotsOnDistrictwise_map</div></td>
    <td colspan='5' align='center'>

    <!--css div popup start-->
    <a class="popup_link" onfocus='this.blur();' href="javascript:showTestDetail('div_ft1.2')" >
        error</a>

    <div id='div_ft1.2' class="popup_window">
        <div style='text-align: right; color:red;cursor:pointer'>
        <a onfocus='this.blur();' onclick="document.getElementById('div_ft1.2').style.display = 'none' " >
           [x]</a>
        </div>
        <pre>
        
ft1.2: Traceback (most recent call last):
  File "/home/chetan/cQubeTesting-3.4/cQube_Dashboard/Exception_List/sat_exception/exception_smoke_testing.py", line 23, in test_DotsOnDistrictwise_map
    res = b.check_dots_on_each_districts()
  File "/home/chetan/cQubeTesting-3.4/cQube_Dashboard/Exception_List/sat_exception/Semester_Assessment_Test_Exception.py", line 249, in check_dots_on_each_districts
    cal.click_on_state(self.driver)
  File "/home/chetan/cQubeTesting-3.4/reuse_func.py", line 192, in click_on_state
    self.driver.find_element_by_xpath(Data.hyper_link).click()
  File "/usr/local/lib/python3.8/dist-packages/selenium/webdriver/remote/webdriver.py", line 393, in find_element_by_xpath
    return self.find_element(by=By.XPATH, value=xpath)
  File "/usr/local/lib/python3.8/dist-packages/selenium/webdriver/remote/webdriver.py", line 964, in find_element
    return self.execute(Command.FIND_ELEMENT, {
  File "/usr/local/lib/python3.8/dist-packages/selenium/webdriver/remote/webdriver.py", line 320, in execute
    self.error_handler.check_response(response)
  File "/usr/local/lib/python3.8/dist-packages/selenium/webdriver/remote/errorhandler.py", line 242, in check_response
    raise exception_class(message, screen, stacktrace)
selenium.common.exceptions.NoSuchElementException: Message: no such element: Unable to locate element: {"method":"xpath","selector":"//p/span"}
  (Session info: headless chrome=90.0.4430.72)



        </pre>
    </div>
    <!--css div popup end-->

    </td>
</tr>

<tr id='ft1.3' class='none'>
    <td class='errorCase'><div class='testcase'>test_Semester_Blocks</div></td>
    <td colspan='5' align='center'>

    <!--css div popup start-->
    <a class="popup_link" onfocus='this.blur();' href="javascript:showTestDetail('div_ft1.3')" >
        error</a>

    <div id='div_ft1.3' class="popup_window">
        <div style='text-align: right; color:red;cursor:pointer'>
        <a onfocus='this.blur();' onclick="document.getElementById('div_ft1.3').style.display = 'none' " >
           [x]</a>
        </div>
        <pre>
        
ft1.3: Traceback (most recent call last):
  File "/home/chetan/cQubeTesting-3.4/cQube_Dashboard/Exception_List/sat_exception/exception_smoke_testing.py", line 37, in test_Semester_Blocks
    res = b.check_markers_on_block_map()
  File "/home/chetan/cQubeTesting-3.4/cQube_Dashboard/Exception_List/sat_exception/Semester_Assessment_Test_Exception.py", line 96, in check_markers_on_block_map
    management = self.driver.find_element_by_id('name').text
  File "/usr/local/lib/python3.8/dist-packages/selenium/webdriver/remote/webdriver.py", line 359, in find_element_by_id
    return self.find_element(by=By.ID, value=id_)
  File "/usr/local/lib/python3.8/dist-packages/selenium/webdriver/remote/webdriver.py", line 964, in find_element
    return self.execute(Command.FIND_ELEMENT, {
  File "/usr/local/lib/python3.8/dist-packages/selenium/webdriver/remote/webdriver.py", line 320, in execute
    self.error_handler.check_response(response)
  File "/usr/local/lib/python3.8/dist-packages/selenium/webdriver/remote/errorhandler.py", line 242, in check_response
    raise exception_class(message, screen, stacktrace)
selenium.common.exceptions.NoSuchElementException: Message: no such element: Unable to locate element: {"method":"css selector","selector":"[id="name"]"}
  (Session info: headless chrome=90.0.4430.72)



        </pre>
    </div>
    <!--css div popup end-->

    </td>
</tr>

<tr id='ft1.4' class='none'>
    <td class='errorCase'><div class='testcase'>test_check_DistrictwiseCsv</div></td>
    <td colspan='5' align='center'>

    <!--css div popup start-->
    <a class="popup_link" onfocus='this.blur();' href="javascript:showTestDetail('div_ft1.4')" >
        error</a>

    <div id='div_ft1.4' class="popup_window">
        <div style='text-align: right; color:red;cursor:pointer'>
        <a onfocus='this.blur();' onclick="document.getElementById('div_ft1.4').style.display = 'none' " >
           [x]</a>
        </div>
        <pre>
        
ft1.4: Traceback (most recent call last):
  File "/home/chetan/cQubeTesting-3.4/cQube_Dashboard/Exception_List/sat_exception/exception_smoke_testing.py", line 90, in test_check_DistrictwiseCsv
    res = b.click_download_csv_of_districts()
  File "/home/chetan/cQubeTesting-3.4/cQube_Dashboard/Exception_List/sat_exception/Semester_Assessment_Test_Exception.py", line 200, in click_download_csv_of_districts
    cal.click_on_state(self.driver)
  File "/home/chetan/cQubeTesting-3.4/reuse_func.py", line 192, in click_on_state
    self.driver.find_element_by_xpath(Data.hyper_link).click()
  File "/usr/local/lib/python3.8/dist-packages/selenium/webdriver/remote/webdriver.py", line 393, in find_element_by_xpath
    return self.find_element(by=By.XPATH, value=xpath)
  File "/usr/local/lib/python3.8/dist-packages/selenium/webdriver/remote/webdriver.py", line 964, in find_element
    return self.execute(Command.FIND_ELEMENT, {
  File "/usr/local/lib/python3.8/dist-packages/selenium/webdriver/remote/webdriver.py", line 320, in execute
    self.error_handler.check_response(response)
  File "/usr/local/lib/python3.8/dist-packages/selenium/webdriver/remote/errorhandler.py", line 242, in check_response
    raise exception_class(message, screen, stacktrace)
selenium.common.exceptions.NoSuchElementException: Message: no such element: Unable to locate element: {"method":"xpath","selector":"//p/span"}
  (Session info: headless chrome=90.0.4430.72)



        </pre>
    </div>
    <!--css div popup end-->

    </td>
</tr>

<tr id='ft1.5' class='none'>
    <td class='errorCase'><div class='testcase'>test_dots</div></td>
    <td colspan='5' align='center'>

    <!--css div popup start-->
    <a class="popup_link" onfocus='this.blur();' href="javascript:showTestDetail('div_ft1.5')" >
        error</a>

    <div id='div_ft1.5' class="popup_window">
        <div style='text-align: right; color:red;cursor:pointer'>
        <a onfocus='this.blur();' onclick="document.getElementById('div_ft1.5').style.display = 'none' " >
           [x]</a>
        </div>
        <pre>
        
ft1.5: Traceback (most recent call last):
  File "/home/chetan/cQubeTesting-3.4/cQube_Dashboard/Exception_List/sat_exception/exception_smoke_testing.py", line 109, in test_dots
    self.driver.find_element_by_xpath(Data.hyper_link).click()
  File "/usr/local/lib/python3.8/dist-packages/selenium/webdriver/remote/webdriver.py", line 393, in find_element_by_xpath
    return self.find_element(by=By.XPATH, value=xpath)
  File "/usr/local/lib/python3.8/dist-packages/selenium/webdriver/remote/webdriver.py", line 964, in find_element
    return self.execute(Command.FIND_ELEMENT, {
  File "/usr/local/lib/python3.8/dist-packages/selenium/webdriver/remote/webdriver.py", line 320, in execute
    self.error_handler.check_response(response)
  File "/usr/local/lib/python3.8/dist-packages/selenium/webdriver/remote/errorhandler.py", line 242, in check_response
    raise exception_class(message, screen, stacktrace)
selenium.common.exceptions.NoSuchElementException: Message: no such element: Unable to locate element: {"method":"xpath","selector":"//p/span"}
  (Session info: headless chrome=90.0.4430.72)



        </pre>
    </div>
    <!--css div popup end-->

    </td>
</tr>

<tr id='ft1.6' class='none'>
    <td class='errorCase'><div class='testcase'>test_exception_Home</div></td>
    <td colspan='5' align='center'>

    <!--css div popup start-->
    <a class="popup_link" onfocus='this.blur();' href="javascript:showTestDetail('div_ft1.6')" >
        error</a>

    <div id='div_ft1.6' class="popup_window">
        <div style='text-align: right; color:red;cursor:pointer'>
        <a onfocus='this.blur();' onclick="document.getElementById('div_ft1.6').style.display = 'none' " >
           [x]</a>
        </div>
        <pre>
        
ft1.6: Traceback (most recent call last):
  File "/home/chetan/cQubeTesting-3.4/cQube_Dashboard/Exception_List/sat_exception/exception_smoke_testing.py", line 61, in test_exception_Home
    res = b.click_on_blocks_click_on_home_icon()
  File "/home/chetan/cQubeTesting-3.4/cQube_Dashboard/Exception_List/sat_exception/Semester_Assessment_Test_Exception.py", line 233, in click_on_blocks_click_on_home_icon
    self.driver.find_element_by_id('blockbtn').click()
  File "/usr/local/lib/python3.8/dist-packages/selenium/webdriver/remote/webdriver.py", line 359, in find_element_by_id
    return self.find_element(by=By.ID, value=id_)
  File "/usr/local/lib/python3.8/dist-packages/selenium/webdriver/remote/webdriver.py", line 964, in find_element
    return self.execute(Command.FIND_ELEMENT, {
  File "/usr/local/lib/python3.8/dist-packages/selenium/webdriver/remote/webdriver.py", line 320, in execute
    self.error_handler.check_response(response)
  File "/usr/local/lib/python3.8/dist-packages/selenium/webdriver/remote/errorhandler.py", line 242, in check_response
    raise exception_class(message, screen, stacktrace)
selenium.common.exceptions.NoSuchElementException: Message: no such element: Unable to locate element: {"method":"css selector","selector":"[id="blockbtn"]"}
  (Session info: headless chrome=90.0.4430.72)



        </pre>
    </div>
    <!--css div popup end-->

    </td>
</tr>

<tr id='ft1.7' class='none'>
    <td class='errorCase'><div class='testcase'>test_homepage</div></td>
    <td colspan='5' align='center'>

    <!--css div popup start-->
    <a class="popup_link" onfocus='this.blur();' href="javascript:showTestDetail('div_ft1.7')" >
        error</a>

    <div id='div_ft1.7' class="popup_window">
        <div style='text-align: right; color:red;cursor:pointer'>
        <a onfocus='this.blur();' onclick="document.getElementById('div_ft1.7').style.display = 'none' " >
           [x]</a>
        </div>
        <pre>
        
ft1.7: Traceback (most recent call last):
  File "/home/chetan/cQubeTesting-3.4/cQube_Dashboard/Exception_List/sat_exception/exception_smoke_testing.py", line 95, in test_homepage
    self.driver.find_element_by_xpath(Data.hyper_link).click()
  File "/usr/local/lib/python3.8/dist-packages/selenium/webdriver/remote/webdriver.py", line 393, in find_element_by_xpath
    return self.find_element(by=By.XPATH, value=xpath)
  File "/usr/local/lib/python3.8/dist-packages/selenium/webdriver/remote/webdriver.py", line 964, in find_element
    return self.execute(Command.FIND_ELEMENT, {
  File "/usr/local/lib/python3.8/dist-packages/selenium/webdriver/remote/webdriver.py", line 320, in execute
    self.error_handler.check_response(response)
  File "/usr/local/lib/python3.8/dist-packages/selenium/webdriver/remote/errorhandler.py", line 242, in check_response
    raise exception_class(message, screen, stacktrace)
selenium.common.exceptions.NoSuchElementException: Message: no such element: Unable to locate element: {"method":"xpath","selector":"//p/span"}
  (Session info: headless chrome=90.0.4430.72)



        </pre>
    </div>
    <!--css div popup end-->

    </td>
</tr>

<tr id='ft1.8' class='none'>
    <td class='errorCase'><div class='testcase'>test_sem_dashboard</div></td>
    <td colspan='5' align='center'>

    <!--css div popup start-->
    <a class="popup_link" onfocus='this.blur();' href="javascript:showTestDetail('div_ft1.8')" >
        error</a>

    <div id='div_ft1.8' class="popup_window">
        <div style='text-align: right; color:red;cursor:pointer'>
        <a onfocus='this.blur();' onclick="document.getElementById('div_ft1.8').style.display = 'none' " >
           [x]</a>
        </div>
        <pre>
        
ft1.8: Traceback (most recent call last):
  File "/home/chetan/cQubeTesting-3.4/cQube_Dashboard/Exception_List/sat_exception/exception_smoke_testing.py", line 55, in test_sem_dashboard
    res = b.test_click_on_dashboard()
  File "/home/chetan/cQubeTesting-3.4/cQube_Dashboard/Exception_List/sat_exception/Semester_Assessment_Test_Exception.py", line 53, in test_click_on_dashboard
    self.driver.find_element_by_xpath(Data.hyper_link).click()
  File "/usr/local/lib/python3.8/dist-packages/selenium/webdriver/remote/webdriver.py", line 393, in find_element_by_xpath
    return self.find_element(by=By.XPATH, value=xpath)
  File "/usr/local/lib/python3.8/dist-packages/selenium/webdriver/remote/webdriver.py", line 964, in find_element
    return self.execute(Command.FIND_ELEMENT, {
  File "/usr/local/lib/python3.8/dist-packages/selenium/webdriver/remote/webdriver.py", line 320, in execute
    self.error_handler.check_response(response)
  File "/usr/local/lib/python3.8/dist-packages/selenium/webdriver/remote/errorhandler.py", line 242, in check_response
    raise exception_class(message, screen, stacktrace)
selenium.common.exceptions.NoSuchElementException: Message: no such element: Unable to locate element: {"method":"xpath","selector":"//p/span"}
  (Session info: headless chrome=90.0.4430.72)



        </pre>
    </div>
    <!--css div popup end-->

    </td>
</tr>

<tr id='pt1.9' class='hiddenRow'>
    <td class='none'><div class='testcase'>test_sem_exception_Logout</div></td>
    <td colspan='5' align='center'>pass</td>
</tr>

<tr id='ft1.10' class='none'>
    <td class='errorCase'><div class='testcase'>test_sem_exception_hyperlink</div></td>
    <td colspan='5' align='center'>

    <!--css div popup start-->
    <a class="popup_link" onfocus='this.blur();' href="javascript:showTestDetail('div_ft1.10')" >
        error</a>

    <div id='div_ft1.10' class="popup_window">
        <div style='text-align: right; color:red;cursor:pointer'>
        <a onfocus='this.blur();' onclick="document.getElementById('div_ft1.10').style.display = 'none' " >
           [x]</a>
        </div>
        <pre>
        
ft1.10: Traceback (most recent call last):
  File "/home/chetan/cQubeTesting-3.4/cQube_Dashboard/Exception_List/sat_exception/exception_smoke_testing.py", line 67, in test_sem_exception_hyperlink
    result1, result2, choose_dist = b.click_on_hyperlinks()
  File "/home/chetan/cQubeTesting-3.4/cQube_Dashboard/Exception_List/sat_exception/Semester_Assessment_Test_Exception.py", line 315, in click_on_hyperlinks
    cal.click_on_state(self.driver)
  File "/home/chetan/cQubeTesting-3.4/reuse_func.py", line 192, in click_on_state
    self.driver.find_element_by_xpath(Data.hyper_link).click()
  File "/usr/local/lib/python3.8/dist-packages/selenium/webdriver/remote/webdriver.py", line 393, in find_element_by_xpath
    return self.find_element(by=By.XPATH, value=xpath)
  File "/usr/local/lib/python3.8/dist-packages/selenium/webdriver/remote/webdriver.py", line 964, in find_element
    return self.execute(Command.FIND_ELEMENT, {
  File "/usr/local/lib/python3.8/dist-packages/selenium/webdriver/remote/webdriver.py", line 320, in execute
    self.error_handler.check_response(response)
  File "/usr/local/lib/python3.8/dist-packages/selenium/webdriver/remote/errorhandler.py", line 242, in check_response
    raise exception_class(message, screen, stacktrace)
selenium.common.exceptions.NoSuchElementException: Message: no such element: Unable to locate element: {"method":"xpath","selector":"//p/span"}
  (Session info: headless chrome=90.0.4430.72)



        </pre>
    </div>
    <!--css div popup end-->

    </td>
</tr>

<tr id='ft1.11' class='none'>
    <td class='errorCase'><div class='testcase'>test_semester_clusters</div></td>
    <td colspan='5' align='center'>

    <!--css div popup start-->
    <a class="popup_link" onfocus='this.blur();' href="javascript:showTestDetail('div_ft1.11')" >
        error</a>

    <div id='div_ft1.11' class="popup_window">
        <div style='text-align: right; color:red;cursor:pointer'>
        <a onfocus='this.blur();' onclick="document.getElementById('div_ft1.11').style.display = 'none' " >
           [x]</a>
        </div>
        <pre>
        
ft1.11: Traceback (most recent call last):
  File "/home/chetan/cQubeTesting-3.4/cQube_Dashboard/Exception_List/sat_exception/exception_smoke_testing.py", line 43, in test_semester_clusters
    res = b.check_markers_on_clusters_map()
  File "/home/chetan/cQubeTesting-3.4/cQube_Dashboard/Exception_List/sat_exception/Semester_Assessment_Test_Exception.py", line 115, in check_markers_on_clusters_map
    self.driver.find_element(By.XPATH,Data.hyper_link).click()
  File "/usr/local/lib/python3.8/dist-packages/selenium/webdriver/remote/webdriver.py", line 964, in find_element
    return self.execute(Command.FIND_ELEMENT, {
  File "/usr/local/lib/python3.8/dist-packages/selenium/webdriver/remote/webdriver.py", line 320, in execute
    self.error_handler.check_response(response)
  File "/usr/local/lib/python3.8/dist-packages/selenium/webdriver/remote/errorhandler.py", line 242, in check_response
    raise exception_class(message, screen, stacktrace)
selenium.common.exceptions.NoSuchElementException: Message: no such element: Unable to locate element: {"method":"xpath","selector":"//p/span"}
  (Session info: headless chrome=90.0.4430.72)



        </pre>
    </div>
    <!--css div popup end-->

    </td>
</tr>

<tr id='ft1.12' class='none'>
    <td class='errorCase'><div class='testcase'>test_semester_exception_icon</div></td>
    <td colspan='5' align='center'>

    <!--css div popup start-->
    <a class="popup_link" onfocus='this.blur();' href="javascript:showTestDetail('div_ft1.12')" >
        error</a>

    <div id='div_ft1.12' class="popup_window">
        <div style='text-align: right; color:red;cursor:pointer'>
        <a onfocus='this.blur();' onclick="document.getElementById('div_ft1.12').style.display = 'none' " >
           [x]</a>
        </div>
        <pre>
        
ft1.12: Traceback (most recent call last):
  File "/home/chetan/cQubeTesting-3.4/cQube_Dashboard/Exception_List/sat_exception/exception_smoke_testing.py", line 76, in test_semester_exception_icon
    res = b.test_icon()
  File "/home/chetan/cQubeTesting-3.4/cQube_Dashboard/Exception_List/sat_exception/Semester_Assessment_Test_Exception.py", line 23, in test_icon
    self.driver.find_element_by_xpath(Data.hyper_link).click()
  File "/usr/local/lib/python3.8/dist-packages/selenium/webdriver/remote/webdriver.py", line 393, in find_element_by_xpath
    return self.find_element(by=By.XPATH, value=xpath)
  File "/usr/local/lib/python3.8/dist-packages/selenium/webdriver/remote/webdriver.py", line 964, in find_element
    return self.execute(Command.FIND_ELEMENT, {
  File "/usr/local/lib/python3.8/dist-packages/selenium/webdriver/remote/webdriver.py", line 320, in execute
    self.error_handler.check_response(response)
  File "/usr/local/lib/python3.8/dist-packages/selenium/webdriver/remote/errorhandler.py", line 242, in check_response
    raise exception_class(message, screen, stacktrace)
selenium.common.exceptions.NoSuchElementException: Message: no such element: Unable to locate element: {"method":"xpath","selector":"//p/span"}
  (Session info: headless chrome=90.0.4430.72)



        </pre>
    </div>
    <!--css div popup end-->

    </td>
</tr>

<tr id='ft1.13' class='none'>
    <td class='errorCase'><div class='testcase'>test_semesterschool</div></td>
    <td colspan='5' align='center'>

    <!--css div popup start-->
    <a class="popup_link" onfocus='this.blur();' href="javascript:showTestDetail('div_ft1.13')" >
        error</a>

    <div id='div_ft1.13' class="popup_window">
        <div style='text-align: right; color:red;cursor:pointer'>
        <a onfocus='this.blur();' onclick="document.getElementById('div_ft1.13').style.display = 'none' " >
           [x]</a>
        </div>
        <pre>
        
ft1.13: Traceback (most recent call last):
  File "/home/chetan/cQubeTesting-3.4/cQube_Dashboard/Exception_List/sat_exception/exception_smoke_testing.py", line 49, in test_semesterschool
    res = b.check_markers_on_school_map()
  File "/home/chetan/cQubeTesting-3.4/cQube_Dashboard/Exception_List/sat_exception/Semester_Assessment_Test_Exception.py", line 139, in check_markers_on_school_map
    self.driver.find_element_by_id('schoolbtn').click()
  File "/usr/local/lib/python3.8/dist-packages/selenium/webdriver/remote/webdriver.py", line 359, in find_element_by_id
    return self.find_element(by=By.ID, value=id_)
  File "/usr/local/lib/python3.8/dist-packages/selenium/webdriver/remote/webdriver.py", line 964, in find_element
    return self.execute(Command.FIND_ELEMENT, {
  File "/usr/local/lib/python3.8/dist-packages/selenium/webdriver/remote/webdriver.py", line 320, in execute
    self.error_handler.check_response(response)
  File "/usr/local/lib/python3.8/dist-packages/selenium/webdriver/remote/errorhandler.py", line 242, in check_response
    raise exception_class(message, screen, stacktrace)
selenium.common.exceptions.NoSuchElementException: Message: no such element: Unable to locate element: {"method":"css selector","selector":"[id="schoolbtn"]"}
  (Session info: headless chrome=90.0.4430.72)



        </pre>
    </div>
    <!--css div popup end-->

    </td>
</tr>

<tr id='total_row'>
    <td>Total</td>
    <td>13</td>
    <td>1</td>
    <td>0</td>
    <td>12</td>
    <td>&nbsp;</td>
</tr>
</table>

<div id='ending'>&nbsp;</div>

</body>
</html>
<?xml version="1.0" encoding="UTF-8"?>
<!DOCTYPE html PUBLIC "-//W3C//DTD XHTML 1.0 Strict//EN" "http://www.w3.org/TR/xhtml1/DTD/xhtml1-strict.dtd">
<html xmlns="http://www.w3.org/1999/xhtml">
<head>
    <title>Semester Exception Smoke Test Report</title>
    <meta name="generator" content="HTMLTestRunner 0.8.2"/>
    <meta http-equiv="Content-Type" content="text/html; charset=UTF-8"/>
    
<style type="text/css" media="screen">
body        { font-family: verdana, arial, helvetica, sans-serif; font-size: 80%; }
table       { font-size: 100%; }
pre         { }

/* -- heading ---------------------------------------------------------------------- */
h1 {
	font-size: 16pt;
	color: gray;
}
.heading {
    margin-top: 0ex;
    margin-bottom: 1ex;
}

.heading .attribute {
    margin-top: 1ex;
    margin-bottom: 0;
}

.heading .description {
    margin-top: 4ex;
    margin-bottom: 6ex;
}

/* -- css div popup ------------------------------------------------------------------------ */
a.popup_link {
}

a.popup_link:hover {
    color: red;
}

.popup_window {
    display: none;
    position: relative;
    left: 0px;
    top: 0px;
    /*border: solid #627173 1px; */
    padding: 10px;
    background-color: #E6E6D6;
    font-family: "Lucida Console", "Courier New", Courier, monospace;
    text-align: left;
    font-size: 8pt;
    width: 500px;
}

}
/* -- report ------------------------------------------------------------------------ */
#show_detail_line {
    margin-top: 3ex;
    margin-bottom: 1ex;
}
#result_table {
    width: 80%;
    border-collapse: collapse;
    border: 1px solid #777;
}
#header_row {
    font-weight: bold;
    color: white;
    background-color: #777;
}
#result_table td {
    border: 1px solid #777;
    padding: 2px;
}
#total_row  { font-weight: bold; }
.passClass  { background-color: #6c6; }
.failClass  { background-color: #c60; }
.errorClass { background-color: #c00; }
.passCase   { color: #6c6; }
.failCase   { color: #c60; font-weight: bold; }
.errorCase  { color: #c00; font-weight: bold; }
.hiddenRow  { display: none; }
.testcase   { margin-left: 2em; }


/* -- ending ---------------------------------------------------------------------- */
#ending {
}

</style>

</head>
<body>
<script language="javascript" type="text/javascript"><!--
output_list = Array();

/* level - 0:Summary; 1:Failed; 2:All */
function showCase(level) {
    trs = document.getElementsByTagName("tr");
    for (var i = 0; i < trs.length; i++) {
        tr = trs[i];
        id = tr.id;
        if (id.substr(0,2) == 'ft') {
            if (level < 1) {
                tr.className = 'hiddenRow';
            }
            else {
                tr.className = '';
            }
        }
        if (id.substr(0,2) == 'pt') {
            if (level > 1) {
                tr.className = '';
            }
            else {
                tr.className = 'hiddenRow';
            }
        }
    }
}


function showClassDetail(cid, count) {
    var id_list = Array(count);
    var toHide = 1;
    for (var i = 0; i < count; i++) {
        tid0 = 't' + cid.substr(1) + '.' + (i+1);
        tid = 'f' + tid0;
        tr = document.getElementById(tid);
        if (!tr) {
            tid = 'p' + tid0;
            tr = document.getElementById(tid);
        }
        id_list[i] = tid;
        if (tr.className) {
            toHide = 0;
        }
    }
    for (var i = 0; i < count; i++) {
        tid = id_list[i];
        if (toHide) {
            document.getElementById('div_'+tid).style.display = 'none'
            document.getElementById(tid).className = 'hiddenRow';
        }
        else {
            document.getElementById(tid).className = '';
        }
    }
}


function showTestDetail(div_id){
    var details_div = document.getElementById(div_id)
    var displayState = details_div.style.display
    // alert(displayState)
    if (displayState != 'block' ) {
        displayState = 'block'
        details_div.style.display = 'block'
    }
    else {
        details_div.style.display = 'none'
    }
}


function html_escape(s) {
    s = s.replace(/&/g,'&amp;');
    s = s.replace(/</g,'&lt;');
    s = s.replace(/>/g,'&gt;');
    return s;
}

/* obsoleted by detail in <div>
function showOutput(id, name) {
    var w = window.open("", //url
                    name,
                    "resizable,scrollbars,status,width=800,height=450");
    d = w.document;
    d.write("<pre>");
    d.write(html_escape(output_list[id]));
    d.write("\n");
    d.write("<a href='javascript:window.close()'>close</a>\n");
    d.write("</pre>\n");
    d.close();
}
*/
--></script>

<div class='heading'>
<h1>Semester Exception Smoke Test Report</h1>
<p class='attribute'><strong>Start Time:</strong> 2022-03-26 11:01:30</p>
<p class='attribute'><strong>Duration:</strong> 0:04:52.101301</p>
<p class='attribute'><strong>Status:</strong> Pass 13</p>

<p class='description'></p>
</div>



<p id='show_detail_line'>Show
<a href='javascript:showCase(0)'>Summary</a>
<a href='javascript:showCase(1)'>Failed</a>
<a href='javascript:showCase(2)'>All</a>
</p>
<table id='result_table'>
<colgroup>
<col align='left' />
<col align='right' />
<col align='right' />
<col align='right' />
<col align='right' />
<col align='right' />
</colgroup>
<tr id='header_row'>
    <td>Test Group/Test case</td>
    <td>Count</td>
    <td>Pass</td>
    <td>Fail</td>
    <td>Error</td>
    <td>View</td>
</tr>

<tr class='passClass'>
    <td>cQube_Dashboard.Exception_List.sat_exception.exception_smoke_testing.cQube_semester_exception_report</td>
    <td>13</td>
    <td>13</td>
    <td>0</td>
    <td>0</td>
    <td><a href="javascript:showClassDetail('c1',13)">Detail</a></td>
</tr>

<tr id='pt1.1' class='hiddenRow'>
    <td class='none'><div class='testcase'>test_Data_not_recieved</div></td>
    <td colspan='5' align='center'>pass</td>
</tr>

<tr id='pt1.2' class='hiddenRow'>
    <td class='none'><div class='testcase'>test_DotsOnDistrictwise_map</div></td>
    <td colspan='5' align='center'>pass</td>
</tr>

<tr id='pt1.3' class='hiddenRow'>
    <td class='none'><div class='testcase'>test_Semester_Blocks</div></td>
    <td colspan='5' align='center'>pass</td>
</tr>

<tr id='pt1.4' class='hiddenRow'>
    <td class='none'><div class='testcase'>test_check_DistrictwiseCsv</div></td>
    <td colspan='5' align='center'>

    <!--css div popup start-->
    <a class="popup_link" onfocus='this.blur();' href="javascript:showTestDetail('div_pt1.4')" >
        pass</a>

    <div id='div_pt1.4' class="popup_window">
        <div style='text-align: right; color:red;cursor:pointer'>
        <a onfocus='this.blur();' onclick="document.getElementById('div_pt1.4').style.display = 'none' " >
           [x]</a>
        </div>
        <pre>
        
pt1.4: /home/chetan/Documents/cQube/cQubeTesting-3.5/Downloads/semester_assessment_test_exception_govt_overall_allGrades__allDistricts_26-03-2022.csv


        </pre>
    </div>
    <!--css div popup end-->

    </td>
</tr>

<tr id='pt1.5' class='hiddenRow'>
    <td class='none'><div class='testcase'>test_dots</div></td>
    <td colspan='5' align='center'>pass</td>
</tr>

<tr id='pt1.6' class='hiddenRow'>
    <td class='none'><div class='testcase'>test_exception_Home</div></td>
    <td colspan='5' align='center'>

    <!--css div popup start-->
    <a class="popup_link" onfocus='this.blur();' href="javascript:showTestDetail('div_pt1.6')" >
        pass</a>

    <div id='div_pt1.6' class="popup_window">
        <div style='text-align: right; color:red;cursor:pointer'>
        <a onfocus='this.blur();' onclick="document.getElementById('div_pt1.6').style.display = 'none' " >
           [x]</a>
        </div>
        <pre>
        
pt1.6: Semester exception report is present 


        </pre>
    </div>
    <!--css div popup end-->

    </td>
</tr>

<tr id='pt1.7' class='hiddenRow'>
    <td class='none'><div class='testcase'>test_homepage</div></td>
    <td colspan='5' align='center'>

    <!--css div popup start-->
    <a class="popup_link" onfocus='this.blur();' href="javascript:showTestDetail('div_pt1.7')" >
        pass</a>

    <div id='div_pt1.7' class="popup_window">
        <div style='text-align: right; color:red;cursor:pointer'>
        <a onfocus='this.blur();' onclick="document.getElementById('div_pt1.7').style.display = 'none' " >
           [x]</a>
        </div>
        <pre>
        
pt1.7: Home page of sem exception is present 


        </pre>
    </div>
    <!--css div popup end-->

    </td>
</tr>

<tr id='pt1.8' class='hiddenRow'>
    <td class='none'><div class='testcase'>test_sem_dashboard</div></td>
    <td colspan='5' align='center'>

    <!--css div popup start-->
    <a class="popup_link" onfocus='this.blur();' href="javascript:showTestDetail('div_pt1.8')" >
        pass</a>

    <div id='div_pt1.8' class="popup_window">
        <div style='text-align: right; color:red;cursor:pointer'>
        <a onfocus='this.blur();' onclick="document.getElementById('div_pt1.8').style.display = 'none' " >
           [x]</a>
        </div>
        <pre>
        
pt1.8: Semester exception report is present 


        </pre>
    </div>
    <!--css div popup end-->

    </td>
</tr>

<tr id='pt1.9' class='hiddenRow'>
    <td class='none'><div class='testcase'>test_sem_exception_Logout</div></td>
    <td colspan='5' align='center'>pass</td>
</tr>

<tr id='pt1.10' class='hiddenRow'>
    <td class='none'><div class='testcase'>test_sem_exception_hyperlink</div></td>
    <td colspan='5' align='center'>

    <!--css div popup start-->
    <a class="popup_link" onfocus='this.blur();' href="javascript:showTestDetail('div_pt1.10')" >
        pass</a>

    <div id='div_pt1.10' class="popup_window">
        <div style='text-align: right; color:red;cursor:pointer'>
        <a onfocus='this.blur();' onclick="document.getElementById('div_pt1.10').style.display = 'none' " >
           [x]</a>
        </div>
        <pre>
        
pt1.10: hyperlinks are working


        </pre>
    </div>
    <!--css div popup end-->

    </td>
</tr>

<tr id='pt1.11' class='hiddenRow'>
    <td class='none'><div class='testcase'>test_semester_clusters</div></td>
    <td colspan='5' align='center'>

    <!--css div popup start-->
    <a class="popup_link" onfocus='this.blur();' href="javascript:showTestDetail('div_pt1.11')" >
        pass</a>

    <div id='div_pt1.11' class="popup_window">
        <div style='text-align: right; color:red;cursor:pointer'>
        <a onfocus='this.blur();' onclick="document.getElementById('div_pt1.11').style.display = 'none' " >
           [x]</a>
        </div>
        <pre>
        
pt1.11: Management Type: Govt is management


        </pre>
    </div>
    <!--css div popup end-->

    </td>
</tr>

<tr id='pt1.12' class='hiddenRow'>
    <td class='none'><div class='testcase'>test_semester_exception_icon</div></td>
    <td colspan='5' align='center'>

    <!--css div popup start-->
    <a class="popup_link" onfocus='this.blur();' href="javascript:showTestDetail('div_pt1.12')" >
        pass</a>

    <div id='div_pt1.12' class="popup_window">
        <div style='text-align: right; color:red;cursor:pointer'>
        <a onfocus='this.blur();' onclick="document.getElementById('div_pt1.12').style.display = 'none' " >
           [x]</a>
        </div>
        <pre>
        
pt1.12: Semester exception report page is dispayed


        </pre>
    </div>
    <!--css div popup end-->

    </td>
</tr>

<tr id='pt1.13' class='hiddenRow'>
    <td class='none'><div class='testcase'>test_semesterschool</div></td>
    <td colspan='5' align='center'>pass</td>
</tr>

<tr id='total_row'>
    <td>Total</td>
    <td>13</td>
    <td>13</td>
    <td>0</td>
    <td>0</td>
    <td>&nbsp;</td>
</tr>
</table>

<div id='ending'>&nbsp;</div>

</body>
</html>
<?xml version="1.0" encoding="UTF-8"?>
<!DOCTYPE html PUBLIC "-//W3C//DTD XHTML 1.0 Strict//EN" "http://www.w3.org/TR/xhtml1/DTD/xhtml1-strict.dtd">
<html xmlns="http://www.w3.org/1999/xhtml">
<head>
    <title>Student Exception Smoke Test Report</title>
    <meta name="generator" content="HTMLTestRunner 0.8.2"/>
    <meta http-equiv="Content-Type" content="text/html; charset=UTF-8"/>
    
<style type="text/css" media="screen">
body        { font-family: verdana, arial, helvetica, sans-serif; font-size: 80%; }
table       { font-size: 100%; }
pre         { }

/* -- heading ---------------------------------------------------------------------- */
h1 {
	font-size: 16pt;
	color: gray;
}
.heading {
    margin-top: 0ex;
    margin-bottom: 1ex;
}

.heading .attribute {
    margin-top: 1ex;
    margin-bottom: 0;
}

.heading .description {
    margin-top: 4ex;
    margin-bottom: 6ex;
}

/* -- css div popup ------------------------------------------------------------------------ */
a.popup_link {
}

a.popup_link:hover {
    color: red;
}

.popup_window {
    display: none;
    position: relative;
    left: 0px;
    top: 0px;
    /*border: solid #627173 1px; */
    padding: 10px;
    background-color: #E6E6D6;
    font-family: "Lucida Console", "Courier New", Courier, monospace;
    text-align: left;
    font-size: 8pt;
    width: 500px;
}

}
/* -- report ------------------------------------------------------------------------ */
#show_detail_line {
    margin-top: 3ex;
    margin-bottom: 1ex;
}
#result_table {
    width: 80%;
    border-collapse: collapse;
    border: 1px solid #777;
}
#header_row {
    font-weight: bold;
    color: white;
    background-color: #777;
}
#result_table td {
    border: 1px solid #777;
    padding: 2px;
}
#total_row  { font-weight: bold; }
.passClass  { background-color: #6c6; }
.failClass  { background-color: #c60; }
.errorClass { background-color: #c00; }
.passCase   { color: #6c6; }
.failCase   { color: #c60; font-weight: bold; }
.errorCase  { color: #c00; font-weight: bold; }
.hiddenRow  { display: none; }
.testcase   { margin-left: 2em; }


/* -- ending ---------------------------------------------------------------------- */
#ending {
}

</style>

</head>
<body>
<script language="javascript" type="text/javascript"><!--
output_list = Array();

/* level - 0:Summary; 1:Failed; 2:All */
function showCase(level) {
    trs = document.getElementsByTagName("tr");
    for (var i = 0; i < trs.length; i++) {
        tr = trs[i];
        id = tr.id;
        if (id.substr(0,2) == 'ft') {
            if (level < 1) {
                tr.className = 'hiddenRow';
            }
            else {
                tr.className = '';
            }
        }
        if (id.substr(0,2) == 'pt') {
            if (level > 1) {
                tr.className = '';
            }
            else {
                tr.className = 'hiddenRow';
            }
        }
    }
}


function showClassDetail(cid, count) {
    var id_list = Array(count);
    var toHide = 1;
    for (var i = 0; i < count; i++) {
        tid0 = 't' + cid.substr(1) + '.' + (i+1);
        tid = 'f' + tid0;
        tr = document.getElementById(tid);
        if (!tr) {
            tid = 'p' + tid0;
            tr = document.getElementById(tid);
        }
        id_list[i] = tid;
        if (tr.className) {
            toHide = 0;
        }
    }
    for (var i = 0; i < count; i++) {
        tid = id_list[i];
        if (toHide) {
            document.getElementById('div_'+tid).style.display = 'none'
            document.getElementById(tid).className = 'hiddenRow';
        }
        else {
            document.getElementById(tid).className = '';
        }
    }
}


function showTestDetail(div_id){
    var details_div = document.getElementById(div_id)
    var displayState = details_div.style.display
    // alert(displayState)
    if (displayState != 'block' ) {
        displayState = 'block'
        details_div.style.display = 'block'
    }
    else {
        details_div.style.display = 'none'
    }
}


function html_escape(s) {
    s = s.replace(/&/g,'&amp;');
    s = s.replace(/</g,'&lt;');
    s = s.replace(/>/g,'&gt;');
    return s;
}

/* obsoleted by detail in <div>
function showOutput(id, name) {
    var w = window.open("", //url
                    name,
                    "resizable,scrollbars,status,width=800,height=450");
    d = w.document;
    d.write("<pre>");
    d.write(html_escape(output_list[id]));
    d.write("\n");
    d.write("<a href='javascript:window.close()'>close</a>\n");
    d.write("</pre>\n");
    d.close();
}
*/
--></script>

<div class='heading'>
<h1>Student Exception Smoke Test Report</h1>
<p class='attribute'><strong>Start Time:</strong> 2022-03-26 11:06:30</p>
<p class='attribute'><strong>Duration:</strong> 0:09:25.146033</p>
<p class='attribute'><strong>Status:</strong> Pass 9 Error 3</p>

<p class='description'></p>
</div>



<p id='show_detail_line'>Show
<a href='javascript:showCase(0)'>Summary</a>
<a href='javascript:showCase(1)'>Failed</a>
<a href='javascript:showCase(2)'>All</a>
</p>
<table id='result_table'>
<colgroup>
<col align='left' />
<col align='right' />
<col align='right' />
<col align='right' />
<col align='right' />
<col align='right' />
</colgroup>
<tr id='header_row'>
    <td>Test Group/Test case</td>
    <td>Count</td>
    <td>Pass</td>
    <td>Fail</td>
    <td>Error</td>
    <td>View</td>
</tr>

<tr class='errorClass'>
    <td>cQube_Dashboard.Exception_List.student_exception.smoke_student_exception.cQube_smoke_Student_exception</td>
    <td>12</td>
    <td>9</td>
    <td>0</td>
    <td>3</td>
    <td><a href="javascript:showClassDetail('c1',12)">Detail</a></td>
</tr>

<tr id='pt1.1' class='hiddenRow'>
    <td class='none'><div class='testcase'>test_block_per_district_csv_download</div></td>
    <td colspan='5' align='center'>

    <!--css div popup start-->
    <a class="popup_link" onfocus='this.blur();' href="javascript:showTestDetail('div_pt1.1')" >
        pass</a>

    <div id='div_pt1.1' class="popup_window">
        <div style='text-align: right; color:red;cursor:pointer'>
        <a onfocus='this.blur();' onclick="document.getElementById('div_pt1.1').style.display = 'none' " >
           [x]</a>
        </div>
        <pre>
        
pt1.1: /home/chetan/Documents/cQube/cQubeTesting-3.5/Downloads/student_attendance_exception_govt_Blocks_of_district_915_March_2022_26-03-2022.csv
/home/chetan/Documents/cQube/cQubeTesting-3.5/Downloads/student_attendance_exception_govt_Blocks_of_district_912_March_2022_26-03-2022.csv
/home/chetan/Documents/cQube/cQubeTesting-3.5/Downloads/student_attendance_exception_govt_Blocks_of_district_945_March_2022_26-03-2022.csv
/home/chetan/Documents/cQube/cQubeTesting-3.5/Downloads/student_attendance_exception_govt_Blocks_of_district_948_March_2022_26-03-2022.csv
/home/chetan/Documents/cQube/cQubeTesting-3.5/Downloads/student_attendance_exception_govt_Blocks_of_district_932_March_2022_26-03-2022.csv
/home/chetan/Documents/cQube/cQubeTesting-3.5/Downloads/student_attendance_exception_govt_Blocks_of_district_908_March_2022_26-03-2022.csv
/home/chetan/Documents/cQube/cQubeTesting-3.5/Downloads/student_attendance_exception_govt_Blocks_of_district_950_March_2022_26-03-2022.csv
/home/chetan/Documents/cQube/cQubeTesting-3.5/Downloads/student_attendance_exception_govt_Blocks_of_district_940_March_2022_26-03-2022.csv
/home/chetan/Documents/cQube/cQubeTesting-3.5/Downloads/student_attendance_exception_govt_Blocks_of_district_946_March_2022_26-03-2022.csv
/home/chetan/Documents/cQube/cQubeTesting-3.5/Downloads/student_attendance_exception_govt_Blocks_of_district_920_March_2022_26-03-2022.csv
/home/chetan/Documents/cQube/cQubeTesting-3.5/Downloads/student_attendance_exception_govt_Blocks_of_district_903_March_2022_26-03-2022.csv
/home/chetan/Documents/cQube/cQubeTesting-3.5/Downloads/student_attendance_exception_govt_Blocks_of_district_919_March_2022_26-03-2022.csv
/home/chetan/Documents/cQube/cQubeTesting-3.5/Downloads/student_attendance_exception_govt_Blocks_of_district_911_March_2022_26-03-2022.csv
/home/chetan/Documents/cQube/cQubeTesting-3.5/Downloads/student_attendance_exception_govt_Blocks_of_district_941_March_2022_26-03-2022.csv
/home/chetan/Documents/cQube/cQubeTesting-3.5/Downloads/student_attendance_exception_govt_Blocks_of_district_917_March_2022_26-03-2022.csv
/home/chetan/Documents/cQube/cQubeTesting-3.5/Downloads/student_attendance_exception_govt_Blocks_of_district_931_March_2022_26-03-2022.csv
/home/chetan/Documents/cQube/cQubeTesting-3.5/Downloads/student_attendance_exception_govt_Blocks_of_district_947_March_2022_26-03-2022.csv
/home/chetan/Documents/cQube/cQubeTesting-3.5/Downloads/student_attendance_exception_govt_Blocks_of_district_929_March_2022_26-03-2022.csv
/home/chetan/Documents/cQube/cQubeTesting-3.5/Downloads/student_attendance_exception_govt_Blocks_of_district_942_March_2022_26-03-2022.csv
/home/chetan/Documents/cQube/cQubeTesting-3.5/Downloads/student_attendance_exception_govt_Blocks_of_district_916_March_2022_26-03-2022.csv
/home/chetan/Documents/cQube/cQubeTesting-3.5/Downloads/student_attendance_exception_govt_Blocks_of_district_910_March_2022_26-03-2022.csv
/home/chetan/Documents/cQube/cQubeTesting-3.5/Downloads/student_attendance_exception_govt_Blocks_of_district_909_March_2022_26-03-2022.csv
/home/chetan/Documents/cQube/cQubeTesting-3.5/Downloads/student_attendance_exception_govt_Blocks_of_district_938_March_2022_26-03-2022.csv
/home/chetan/Documents/cQube/cQubeTesting-3.5/Downloads/student_attendance_exception_govt_Blocks_of_district_975_March_2022_26-03-2022.csv
/home/chetan/Documents/cQube/cQubeTesting-3.5/Downloads/student_attendance_exception_govt_Blocks_of_district_925_March_2022_26-03-2022.csv
/home/chetan/Documents/cQube/cQubeTesting-3.5/Downloads/student_attendance_exception_govt_Blocks_of_district_913_March_2022_26-03-2022.csv
/home/chetan/Documents/cQube/cQubeTesting-3.5/Downloads/student_attendance_exception_govt_Blocks_of_district_935_March_2022_26-03-2022.csv
/home/chetan/Documents/cQube/cQubeTesting-3.5/Downloads/student_attendance_exception_govt_Blocks_of_district_936_March_2022_26-03-2022.csv
/home/chetan/Documents/cQube/cQubeTesting-3.5/Downloads/student_attendance_exception_govt_Blocks_of_district_906_March_2022_26-03-2022.csv
/home/chetan/Documents/cQube/cQubeTesting-3.5/Downloads/student_attendance_exception_govt_Blocks_of_district_930_March_2022_26-03-2022.csv
/home/chetan/Documents/cQube/cQubeTesting-3.5/Downloads/student_attendance_exception_govt_Blocks_of_district_933_March_2022_26-03-2022.csv
/home/chetan/Documents/cQube/cQubeTesting-3.5/Downloads/student_attendance_exception_govt_Blocks_of_district_934_March_2022_26-03-2022.csv
/home/chetan/Documents/cQube/cQubeTesting-3.5/Downloads/student_attendance_exception_govt_Blocks_of_district_944_March_2022_26-03-2022.csv
/home/chetan/Documents/cQube/cQubeTesting-3.5/Downloads/student_attendance_exception_govt_Blocks_of_district_923_March_2022_26-03-2022.csv
/home/chetan/Documents/cQube/cQubeTesting-3.5/Downloads/student_attendance_exception_govt_Blocks_of_district_937_March_2022_26-03-2022.csv
/home/chetan/Documents/cQube/cQubeTesting-3.5/Downloads/student_attendance_exception_govt_Blocks_of_district_927_March_2022_26-03-2022.csv
/home/chetan/Documents/cQube/cQubeTesting-3.5/Downloads/student_attendance_exception_govt_Blocks_of_district_939_March_2022_26-03-2022.csv
/home/chetan/Documents/cQube/cQubeTesting-3.5/Downloads/student_attendance_exception_govt_Blocks_of_district_918_March_2022_26-03-2022.csv
/home/chetan/Documents/cQube/cQubeTesting-3.5/Downloads/student_attendance_exception_govt_Blocks_of_district_914_March_2022_26-03-2022.csv
/home/chetan/Documents/cQube/cQubeTesting-3.5/Downloads/student_attendance_exception_govt_Blocks_of_district_907_March_2022_26-03-2022.csv
/home/chetan/Documents/cQube/cQubeTesting-3.5/Downloads/student_attendance_exception_govt_Blocks_of_district_904_March_2022_26-03-2022.csv
/home/chetan/Documents/cQube/cQubeTesting-3.5/Downloads/student_attendance_exception_govt_Blocks_of_district_902_March_2022_26-03-2022.csv
/home/chetan/Documents/cQube/cQubeTesting-3.5/Downloads/student_attendance_exception_govt_Blocks_of_district_921_March_2022_26-03-2022.csv
/home/chetan/Documents/cQube/cQubeTesting-3.5/Downloads/student_attendance_exception_govt_Blocks_of_district_943_March_2022_26-03-2022.csv
/home/chetan/Documents/cQube/cQubeTesting-3.5/Downloads/student_attendance_exception_govt_Blocks_of_district_928_March_2022_26-03-2022.csv
/home/chetan/Documents/cQube/cQubeTesting-3.5/Downloads/student_attendance_exception_govt_Blocks_of_district_905_March_2022_26-03-2022.csv
/home/chetan/Documents/cQube/cQubeTesting-3.5/Downloads/student_attendance_exception_govt_Blocks_of_district_901_March_2022_26-03-2022.csv
/home/chetan/Documents/cQube/cQubeTesting-3.5/Downloads/student_attendance_exception_govt_Blocks_of_district_922_March_2022_26-03-2022.csv
/home/chetan/Documents/cQube/cQubeTesting-3.5/Downloads/student_attendance_exception_govt_Blocks_of_district_951_March_2022_26-03-2022.csv
/home/chetan/Documents/cQube/cQubeTesting-3.5/Downloads/student_attendance_exception_govt_Blocks_of_district_924_March_2022_26-03-2022.csv
/home/chetan/Documents/cQube/cQubeTesting-3.5/Downloads/student_attendance_exception_govt_Blocks_of_district_949_March_2022_26-03-2022.csv
/home/chetan/Documents/cQube/cQubeTesting-3.5/Downloads/student_attendance_exception_govt_Blocks_of_district_926_March_2022_26-03-2022.csv
Block per district csv report download is working


        </pre>
    </div>
    <!--css div popup end-->

    </td>
</tr>

<tr id='ft1.2' class='none'>
    <td class='errorCase'><div class='testcase'>test_click_on_block_and_clusterbtns</div></td>
    <td colspan='5' align='center'>

    <!--css div popup start-->
    <a class="popup_link" onfocus='this.blur();' href="javascript:showTestDetail('div_ft1.2')" >
        error</a>

    <div id='div_ft1.2' class="popup_window">
        <div style='text-align: right; color:red;cursor:pointer'>
        <a onfocus='this.blur();' onclick="document.getElementById('div_ft1.2').style.display = 'none' " >
           [x]</a>
        </div>
        <pre>
        
ft1.2: /home/chetan/Documents/cQube/cQubeTesting-3.5/Downloads/student_attendance_exception_govt_allBlocks_March_2022_26-03-2022.csv
/home/chetan/Documents/cQube/cQubeTesting-3.5/Downloads/student_attendance_exception_govt_allClusters_March_2022_26-03-2022.csv
Traceback (most recent call last):
  File "/home/chetan/Documents/cQube/cQubeTesting-3.5/cQube_Dashboard/Exception_List/student_exception/smoke_student_exception.py", line 52, in test_click_on_block_and_clusterbtns
    res = p.check_markers_on_schools_map()
  File "/home/chetan/Documents/cQube/cQubeTesting-3.5/cQube_Dashboard/Exception_List/student_exception/Student_Attendance_Exception.py", line 128, in check_markers_on_schools_map
    self.driver.find_element_by_id(Data.Download).click()
  File "/usr/local/lib/python3.8/dist-packages/selenium/webdriver/remote/webdriver.py", line 359, in find_element_by_id
    return self.find_element(by=By.ID, value=id_)
  File "/usr/local/lib/python3.8/dist-packages/selenium/webdriver/remote/webdriver.py", line 964, in find_element
    return self.execute(Command.FIND_ELEMENT, {
  File "/usr/local/lib/python3.8/dist-packages/selenium/webdriver/remote/webdriver.py", line 320, in execute
    self.error_handler.check_response(response)
  File "/usr/local/lib/python3.8/dist-packages/selenium/webdriver/remote/errorhandler.py", line 242, in check_response
    raise exception_class(message, screen, stacktrace)
selenium.common.exceptions.NoSuchElementException: Message: no such element: Unable to locate element: {"method":"css selector","selector":"[id="download1"]"}
  (Session info: headless chrome=90.0.4430.72)



        </pre>
    </div>
    <!--css div popup end-->

    </td>
</tr>

<tr id='ft1.3' class='none'>
    <td class='errorCase'><div class='testcase'>test_click_on_student_exception</div></td>
    <td colspan='5' align='center'>

    <!--css div popup start-->
    <a class="popup_link" onfocus='this.blur();' href="javascript:showTestDetail('div_ft1.3')" >
        error</a>

    <div id='div_ft1.3' class="popup_window">
        <div style='text-align: right; color:red;cursor:pointer'>
        <a onfocus='this.blur();' onclick="document.getElementById('div_ft1.3').style.display = 'none' " >
           [x]</a>
        </div>
        <pre>
        
ft1.3: Element not found and test failed
Traceback (most recent call last):
  File "/home/chetan/Documents/cQube/cQubeTesting-3.5/cQube_Dashboard/Exception_List/student_exception/smoke_student_exception.py", line 32, in test_click_on_student_exception
    if 'student-attendance-exception' in res:
TypeError: argument of type 'NoneType' is not iterable


        </pre>
    </div>
    <!--css div popup end-->

    </td>
</tr>

<tr id='ft1.4' class='none'>
    <td class='errorCase'><div class='testcase'>test_cluster_per_block_csv_download</div></td>
    <td colspan='5' align='center'>

    <!--css div popup start-->
    <a class="popup_link" onfocus='this.blur();' href="javascript:showTestDetail('div_ft1.4')" >
        error</a>

    <div id='div_ft1.4' class="popup_window">
        <div style='text-align: right; color:red;cursor:pointer'>
        <a onfocus='this.blur();' onclick="document.getElementById('div_ft1.4').style.display = 'none' " >
           [x]</a>
        </div>
        <pre>
        
ft1.4: Traceback (most recent call last):
  File "/home/chetan/Documents/cQube/cQubeTesting-3.5/cQube_Dashboard/Exception_List/student_exception/smoke_student_exception.py", line 131, in test_cluster_per_block_csv_download
    result = block.check_blockwise_csv_download()
  File "/home/chetan/Documents/cQube/cQubeTesting-3.5/cQube_Dashboard/Exception_List/student_exception/Student_Attendance_Exception.py", line 355, in check_blockwise_csv_download
    cal.click_on_state(self.driver)
  File "/home/chetan/Documents/cQube/cQubeTesting-3.5/reuse_func.py", line 198, in click_on_state
    self.driver.find_element_by_xpath(Data.hyper_link).click()
  File "/usr/local/lib/python3.8/dist-packages/selenium/webdriver/remote/webelement.py", line 80, in click
    self._execute(Command.CLICK_ELEMENT)
  File "/usr/local/lib/python3.8/dist-packages/selenium/webdriver/remote/webelement.py", line 628, in _execute
    return self._parent.execute(command, params)
  File "/usr/local/lib/python3.8/dist-packages/selenium/webdriver/remote/webdriver.py", line 320, in execute
    self.error_handler.check_response(response)
  File "/usr/local/lib/python3.8/dist-packages/selenium/webdriver/remote/errorhandler.py", line 242, in check_response
    raise exception_class(message, screen, stacktrace)
selenium.common.exceptions.ElementClickInterceptedException: Message: element click intercepted: Element &lt;span id="state" class="selected-level" style="cursor: pointer; text-decoration: underline;"&gt;...&lt;/span&gt; is not clickable at point (921, 147). Other element would receive the click: &lt;div id="loader" class="loading"&gt;...&lt;/div&gt;
  (Session info: headless chrome=90.0.4430.72)



        </pre>
    </div>
    <!--css div popup end-->

    </td>
</tr>

<tr id='pt1.5' class='hiddenRow'>
    <td class='none'><div class='testcase'>test_districtwise_csv_download</div></td>
    <td colspan='5' align='center'>

    <!--css div popup start-->
    <a class="popup_link" onfocus='this.blur();' href="javascript:showTestDetail('div_pt1.5')" >
        pass</a>

    <div id='div_pt1.5' class="popup_window">
        <div style='text-align: right; color:red;cursor:pointer'>
        <a onfocus='this.blur();' onclick="document.getElementById('div_pt1.5').style.display = 'none' " >
           [x]</a>
        </div>
        <pre>
        
pt1.5: /home/chetan/Documents/cQube/cQubeTesting-3.5/Downloads/student_attendance_exception_govtallDistricts_overall_26-03-2022.csv
Districtwise csv is not downloaded
District wise csv report download is working


        </pre>
    </div>
    <!--css div popup end-->

    </td>
</tr>

<tr id='pt1.6' class='hiddenRow'>
    <td class='none'><div class='testcase'>test_home_button</div></td>
    <td colspan='5' align='center'>

    <!--css div popup start-->
    <a class="popup_link" onfocus='this.blur();' href="javascript:showTestDetail('div_pt1.6')" >
        pass</a>

    <div id='div_pt1.6' class="popup_window">
        <div style='text-align: right; color:red;cursor:pointer'>
        <a onfocus='this.blur();' onclick="document.getElementById('div_pt1.6').style.display = 'none' " >
           [x]</a>
        </div>
        <pre>
        
pt1.6: Homebutton is working
This is Student Attendance Exception Infra_Table_Report page


        </pre>
    </div>
    <!--css div popup end-->

    </td>
</tr>

<tr id='pt1.7' class='hiddenRow'>
    <td class='none'><div class='testcase'>test_home_icon</div></td>
    <td colspan='5' align='center'>

    <!--css div popup start-->
    <a class="popup_link" onfocus='this.blur();' href="javascript:showTestDetail('div_pt1.7')" >
        pass</a>

    <div id='div_pt1.7' class="popup_window">
        <div style='text-align: right; color:red;cursor:pointer'>
        <a onfocus='this.blur();' onclick="document.getElementById('div_pt1.7').style.display = 'none' " >
           [x]</a>
        </div>
        <pre>
        
pt1.7: This is Student Attendance Exception Infra_Table_Report page


        </pre>
    </div>
    <!--css div popup end-->

    </td>
</tr>

<tr id='pt1.8' class='hiddenRow'>
    <td class='none'><div class='testcase'>test_logout</div></td>
    <td colspan='5' align='center'>pass</td>
</tr>

<tr id='pt1.9' class='hiddenRow'>
    <td class='none'><div class='testcase'>test_month_and_year</div></td>
    <td colspan='5' align='center'>

    <!--css div popup start-->
    <a class="popup_link" onfocus='this.blur();' href="javascript:showTestDetail('div_pt1.9')" >
        pass</a>

    <div id='div_pt1.9' class="popup_window">
        <div style='text-align: right; color:red;cursor:pointer'>
        <a onfocus='this.blur();' onclick="document.getElementById('div_pt1.9').style.display = 'none' " >
           [x]</a>
        </div>
        <pre>
        
pt1.9: /home/chetan/Documents/cQube/cQubeTesting-3.5/Downloads/student_attendance_exception_govtallDistricts_January_2022.csv
2022 January time series csv file is not downloaded
/home/chetan/Documents/cQube/cQubeTesting-3.5/Downloads/student_attendance_exception_govtallDistricts_March_2022.csv
2022 March time series csv file is not downloaded
checked with Time series year and month


        </pre>
    </div>
    <!--css div popup end-->

    </td>
</tr>

<tr id='pt1.10' class='hiddenRow'>
    <td class='none'><div class='testcase'>test_no_of_schools_is_equals_at_districts_blocks_clusters_schools</div></td>
    <td colspan='5' align='center'>pass</td>
</tr>

<tr id='pt1.11' class='hiddenRow'>
    <td class='none'><div class='testcase'>test_school_per_cluster_csv_download</div></td>
    <td colspan='5' align='center'>

    <!--css div popup start-->
    <a class="popup_link" onfocus='this.blur();' href="javascript:showTestDetail('div_pt1.11')" >
        pass</a>

    <div id='div_pt1.11' class="popup_window">
        <div style='text-align: right; color:red;cursor:pointer'>
        <a onfocus='this.blur();' onclick="document.getElementById('div_pt1.11').style.display = 'none' " >
           [x]</a>
        </div>
        <pre>
        
pt1.11: /home/chetan/Documents/cQube/cQubeTesting-3.5/Downloads/student_attendance_exception_govt_Schools_of_cluster_915020008_March_2022_26-03-2022.csv
School per cluster csv report download is working


        </pre>
    </div>
    <!--css div popup end-->

    </td>
</tr>

<tr id='pt1.12' class='hiddenRow'>
    <td class='none'><div class='testcase'>test_total_no_of_students_is_equals_at_districts_blocks_clusters_schools</div></td>
    <td colspan='5' align='center'>pass</td>
</tr>

<tr id='total_row'>
    <td>Total</td>
    <td>12</td>
    <td>9</td>
    <td>0</td>
    <td>3</td>
    <td>&nbsp;</td>
</tr>
</table>

<div id='ending'>&nbsp;</div>

</body>
</html>
